<?xml version="1.0" encoding="UTF-8"?>
<!-- Generated by org.testng.reporters.JUnitReportReporter -->
<testsuite skipped="0" hostname="Kushanlk" name="Test.TestWinniumNotepad" tests="1" failures="0" timestamp="26 Jan 2019 12:30:57 GMT" time="11.132" errors="0">
  <testcase name="winniumTest" time="11.132" classname="Test.TestWinniumNotepad"/>
</testsuite> <!-- Test.TestWinniumNotepad -->
