<?xml version="1.0" encoding="UTF-8"?>
<!-- Generated by org.testng.reporters.JUnitReportReporter -->
<testsuite skipped="0" hostname="Kushanlk" name="Test.TelegramTest" tests="1" failures="0" timestamp="24 Jan 2019 13:10:07 GMT" time="5.017" errors="0">
  <testcase name="testTelegram" time="5.017" classname="Test.TelegramTest"/>
</testsuite> <!-- Test.TelegramTest -->
