<?xml version="1.0" encoding="UTF-8"?>
<!-- Generated by org.testng.reporters.JUnitReportReporter -->
<testsuite skipped="0" hostname="Kushanlk" name="Test.SlackReporterTest" tests="1" failures="0" timestamp="23 Jan 2019 09:59:09 GMT" time="5.560" errors="0">
  <testcase name="test_slack" time="5.560" classname="Test.SlackReporterTest"/>
</testsuite> <!-- Test.SlackReporterTest -->
